<?xml version="1.0" encoding="UTF-8"?>
<!-- Generated by org.testng.reporters.JUnitReportReporter -->
<testsuite hostname="DESKTOP-Q7NGQ25" failures="0" tests="1" name="com.Sample.SamplePgm" time="0.029" errors="0" timestamp="2022-03-07T11:58:28 IST" skipped="0">
  <testcase classname="com.Sample.SamplePgm" name="emplyeeDetails" time="0.029"/>
  <system-out/>
</testsuite> <!-- com.Sample.SamplePgm -->
